<?xml version="1.0" encoding="utf-8"?><testsuites name="pytest tests"><testsuite name="pytest" errors="0" failures="0" skipped="0" tests="21" time="5.533" timestamp="2026-04-22T16:04:51.924710+00:00" hostname="agent-env-c738f920-e4c4-493b-99f7-adcf3ceb7139"><testcase classname="backend.tests.test_backend_api.TestHealthAuth" name="test_health" time="0.162" /><testcase classname="backend.tests.test_backend_api.TestHealthAuth" name="test_register_returns_token_and_user" time="0.386" /><testcase classname="backend.tests.test_backend_api.TestHealthAuth" name="test_register_duplicate_fails" time="0.749" /><testcase classname="backend.tests.test_backend_api.TestHealthAuth" name="test_login_success" time="0.366" /><testcase classname="backend.tests.test_backend_api.TestHealthAuth" name="test_login_invalid_password" time="0.336" /><testcase classname="backend.tests.test_backend_api.TestHealthAuth" name="test_me_requires_auth" time="0.129" /><testcase classname="backend.tests.test_backend_api.TestHouses" name="test_create_house" time="0.129" /><testcase classname="backend.tests.test_backend_api.TestHouses" name="test_join_house_bob" time="0.125" /><testcase classname="backend.tests.test_backend_api.TestHouses" name="test_join_invalid_code" time="0.112" /><testcase classname="backend.tests.test_backend_api.TestHouses" name="test_list_my_houses" time="0.269" /><testcase classname="backend.tests.test_backend_api.TestHouses" name="test_update_member_weight" time="0.268" /><testcase classname="backend.tests.test_backend_api.TestExpenses" name="test_expense_equal_split" time="0.260" /><testcase classname="backend.tests.test_backend_api.TestExpenses" name="test_expense_weight_split" time="0.439" /><testcase classname="backend.tests.test_backend_api.TestExpenses" name="test_expense_custom_valid" time="0.119" /><testcase classname="backend.tests.test_backend_api.TestExpenses" name="test_expense_custom_invalid_sum" time="0.121" /><testcase classname="backend.tests.test_backend_api.TestExpenses" name="test_expense_individual" time="0.141" /><testcase classname="backend.tests.test_backend_api.TestContributions" name="test_create_contribution" time="0.166" /><testcase classname="backend.tests.test_backend_api.TestDashboard" name="test_dashboard_structure_and_debts" time="0.156" /><testcase classname="backend.tests.test_backend_api.TestDashboard" name="test_payment_affects_balance" time="0.258" /><testcase classname="backend.tests.test_backend_api.TestDashboard" name="test_delete_expense_recalcs" time="0.255" /><testcase classname="backend.tests.test_backend_api.TestAccessControl" name="test_non_member_forbidden" time="0.477" /></testsuite></testsuites>