<?xml version="1.0" encoding="utf-8"?><testsuites name="pytest tests"><testsuite name="pytest" errors="0" failures="0" skipped="0" tests="24" time="5.436" timestamp="2026-04-23T15:32:51.225877+00:00" hostname="agent-env-c738f920-e4c4-493b-99f7-adcf3ceb7139"><testcase classname="backend.tests.test_node_backend.TestAuth" name="test_register_returns_token_user" time="0.382" /><testcase classname="backend.tests.test_node_backend.TestAuth" name="test_login_valid" time="0.233" /><testcase classname="backend.tests.test_node_backend.TestAuth" name="test_login_invalid" time="0.176" /><testcase classname="backend.tests.test_node_backend.TestAuth" name="test_me" time="0.111" /><testcase classname="backend.tests.test_node_backend.TestAuth" name="test_me_no_token" time="0.110" /><testcase classname="backend.tests.test_node_backend.TestHouses" name="test_create_accepts_month_start_day_and_invite_code" time="0.561" /><testcase classname="backend.tests.test_node_backend.TestHouses" name="test_join_idempotent" time="0.129" /><testcase classname="backend.tests.test_node_backend.TestHouses" name="test_settings_owner_updates" time="0.242" /><testcase classname="backend.tests.test_node_backend.TestHouses" name="test_settings_non_owner_forbidden" time="0.127" /><testcase classname="backend.tests.test_node_backend.TestMonths" name="test_list_auto_creates_current" time="0.173" /><testcase classname="backend.tests.test_node_backend.TestExpenses" name="test_expense_equal_default_split" time="0.137" /><testcase classname="backend.tests.test_node_backend.TestExpenses" name="test_expense_weight" time="0.180" /><testcase classname="backend.tests.test_node_backend.TestExpenses" name="test_expense_custom_ok" time="0.113" /><testcase classname="backend.tests.test_node_backend.TestExpenses" name="test_expense_custom_mismatch_400" time="0.125" /><testcase classname="backend.tests.test_node_backend.TestExpenses" name="test_expense_individual" time="0.115" /><testcase classname="backend.tests.test_node_backend.TestExpenses" name="test_expense_market_items_auto_amount" time="0.119" /><testcase classname="backend.tests.test_node_backend.TestExpenses" name="test_expense_missing_amount_400" time="0.117" /><testcase classname="backend.tests.test_node_backend.TestContributionsAndClose" name="test_contribution_create" time="0.176" /><testcase classname="backend.tests.test_node_backend.TestContributionsAndClose" name="test_close_month_then_expense_400" time="0.421" /><testcase classname="backend.tests.test_node_backend.TestRecurringAndGenerate" name="test_recurring_crud" time="0.378" /><testcase classname="backend.tests.test_node_backend.TestRecurringAndGenerate" name="test_contribution_plan_upsert" time="0.357" /><testcase classname="backend.tests.test_node_backend.TestRecurringAndGenerate" name="test_generate_current_month_idempotent" time="0.285" /><testcase classname="backend.tests.test_node_backend.TestDashboard" name="test_dashboard_shape" time="0.125" /><testcase classname="backend.tests.test_node_backend.TestDashboard" name="test_payment_affects_balance" time="0.391" /></testsuite></testsuites>