<?xml version="1.0" encoding="utf-8"?><testsuites name="pytest tests"><testsuite name="pytest" errors="0" failures="0" skipped="0" tests="18" time="4.893" timestamp="2026-04-22T16:38:03.494400+00:00" hostname="agent-env-c738f920-e4c4-493b-99f7-adcf3ceb7139"><testcase classname="backend.tests.test_iteration2_features.TestHouseSettings" name="test_month_start_day_persisted" time="1.462" /><testcase classname="backend.tests.test_iteration2_features.TestHouseSettings" name="test_update_settings_owner_only" time="0.146" /><testcase classname="backend.tests.test_iteration2_features.TestHouseSettings" name="test_update_settings_alice" time="0.306" /><testcase classname="backend.tests.test_iteration2_features.TestCategories" name="test_default_supermarket_market_style" time="0.167" /><testcase classname="backend.tests.test_iteration2_features.TestCategories" name="test_create_subcategory" time="0.149" /><testcase classname="backend.tests.test_iteration2_features.TestMonths" name="test_list_months_auto_creates" time="0.146" /><testcase classname="backend.tests.test_iteration2_features.TestMonths" name="test_close_and_reopen_month_carry_balance" time="0.453" /><testcase classname="backend.tests.test_iteration2_features.TestMonths" name="test_create_expense_closed_month_400" time="0.112" /><testcase classname="backend.tests.test_iteration2_features.TestMonths" name="test_delete_expense_closed_month_400" time="0.135" /><testcase classname="backend.tests.test_iteration2_features.TestMonths" name="test_reopen" time="0.120" /><testcase classname="backend.tests.test_iteration2_features.TestExpensesV2" name="test_expense_with_items_amount_auto" time="0.146" /><testcase classname="backend.tests.test_iteration2_features.TestExpensesV2" name="test_expense_without_items_no_amount_400" time="0.123" /><testcase classname="backend.tests.test_iteration2_features.TestRecurring" name="test_create_recurring" time="0.115" /><testcase classname="backend.tests.test_iteration2_features.TestRecurring" name="test_list_and_update_recurring" time="0.253" /><testcase classname="backend.tests.test_iteration2_features.TestContribPlans" name="test_upsert_plan" time="0.374" /><testcase classname="backend.tests.test_iteration2_features.TestGenerate" name="test_generate_creates_and_is_idempotent" time="0.330" /><testcase classname="backend.tests.test_iteration2_features.TestGenerate" name="test_generated_expense_flags" time="0.117" /><testcase classname="backend.tests.test_iteration2_features.TestDashboardV2" name="test_dashboard_new_fields" time="0.129" /></testsuite></testsuites>